<?xml version="1.0" encoding="UTF-8"?>
<!-- Generated by org.testng.reporters.JUnitReportReporter -->
<testsuite skipped="0" hostname="DESKTOP-4PLU86I" name="practise.AppiumFramework.ecommerce_tc_4" tests="2" failures="0" timestamp="2020-09-27T08:09:25 IST" time="112.856" errors="0">
  <testcase name="totalValidation" time="54.953" classname="practise.AppiumFramework.ecommerce_tc_4"/>
  <system-out/>
  <testcase name="totalValidation" time="57.903" classname="practise.AppiumFramework.ecommerce_tc_4"/>
  <system-out/>
</testsuite> <!-- practise.AppiumFramework.ecommerce_tc_4 -->
