<?xml version="1.0" encoding="UTF-8"?>
<!-- Generated by org.testng.reporters.JUnitReportReporter -->
<testsuite skipped="0" hostname="DESKTOP-4PLU86I" name="practise.AppiumFramework.ApiDemoTest" tests="1" failures="0" timestamp="2020-09-27T08:09:25 IST" time="42.873" errors="0">
  <testcase name="apiDemo" time="42.873" classname="practise.AppiumFramework.ApiDemoTest"/>
  <system-out/>
</testsuite> <!-- practise.AppiumFramework.ApiDemoTest -->
