<?xml version="1.0" encoding="UTF-8"?>
<!-- Generated by org.testng.reporters.JUnitReportReporter -->
<testsuite name="practise.AppiumFramework.ApiDemoTest" tests="1" time="36.237" ignored="0" failures="0" timestamp="27 Sep 2020 04:04:42 GMT" skipped="0" hostname="DESKTOP-4PLU86I" errors="0">
  <testcase name="apiDemo" time="36.237" classname="practise.AppiumFramework.ApiDemoTest"/>
</testsuite> <!-- practise.AppiumFramework.ApiDemoTest -->
