<?xml version="1.0" encoding="UTF-8"?>
<!-- Generated by org.testng.reporters.JUnitReportReporter -->
<testsuite name="practise.AppiumFramework.ecommerce_tc_4" tests="2" time="101.293" ignored="0" failures="0" timestamp="27 Sep 2020 04:04:42 GMT" skipped="0" hostname="DESKTOP-4PLU86I" errors="0">
  <testcase name="totalValidation" time="51.735" classname="practise.AppiumFramework.ecommerce_tc_4"/>
  <testcase name="totalValidation" time="49.558" classname="practise.AppiumFramework.ecommerce_tc_4"/>
</testsuite> <!-- practise.AppiumFramework.ecommerce_tc_4 -->
